<?xml version="1.0" encoding="UTF-8"?>
<!-- Generated by org.testng.reporters.JUnitReportReporter -->
<testsuite name="tests.WebTestsInTestNG" tests="2" time="1.374" ignored="0" failures="0" timestamp="07 Nov 2017 08:34:12 GMT" skipped="0" hostname="anik" errors="0">
  <testcase name="displayItems" time="0.284" classname="tests.WebTestsInTestNG"/>
  <testcase name="storFoodItemsAndServings" time="1.090" classname="tests.WebTestsInTestNG"/>
</testsuite> <!-- tests.WebTestsInTestNG -->
